tests/evidence/r05/android-execution-r1/collection-attempt-1/app/build/outputs/logs/manifest-merger-debug-report.txt
-- Merging decision tree log ---
manifest
ADDED from src/main/AndroidManifest.xml:1:1-7:12
INJECTED from src/main/AndroidManifest.xml:1:1-7:12
INJECTED from src/main/AndroidManifest.xml:1:1-7:12
INJECTED from src/main/AndroidManifest.xml:1:1-7:12
MERGED from [androidx.compose.animation:animation-core-android:1.11.4] AndroidManifest.xml:2:1-7:12
MERGED from [androidx.compose.animation:animation-android:1.11.4] AndroidManifest.xml:2:1-7:12
MERGED from [androidx.compose.foundation:foundation-layout-android:1.11.4] AndroidManifest.xml:2:1-7:12
MERGED from [androidx.compose.foundation:foundation-android:1.11.4] AndroidManifest.xml:2:1-7:12
MERGED from [androidx.customview:customview-poolingcontainer:1.0.0] AndroidManifest.xml:17:1-23:12
MERGED from [androidx.compose.ui:ui-util-android:1.11.4] AndroidManifest.xml:2:1-7:12
MERGED from [androidx.compose.ui:ui-unit-android:1.11.4] AndroidManifest.xml:2:1-7:12
MERGED from [androidx.compose.ui:ui-graphics-android:1.11.4] AndroidManifest.xml:2:1-7:12
MERGED from [androidx.compose.ui:ui-geometry-android:1.11.4] AndroidManifest.xml:2:1-7:12
MERGED from [androidx.compose.ui:ui-text-android:1.11.4] AndroidManifest.xml:2:1-7:12
MERGED from [androidx.emoji2:emoji2:1.4.0] AndroidManifest.xml:17:1-35:12
MERGED from [androidx.transition:transition:1.6.0] AndroidManifest.xml:2:1-7:12
MERGED from [androidx.dynamicanimation:dynamicanimation:1.0.0] AndroidManifest.xml:17:1-22:12
MERGED from [androidx.legacy:legacy-support-core-utils:1.0.0] AndroidManifest.xml:17:1-22:12
MERGED from [androidx.loader:loader:1.0.0] AndroidManifest.xml:17:1-22:12
MERGED from [androidx.lifecycle:lifecycle-livedata-core-ktx:2.10.0] AndroidManifest.xml:2:1-7:12
MERGED from [androidx.lifecycle:lifecycle-livedata:2.10.0] AndroidManifest.xml:17:1-22:12
MERGED from [androidx.lifecycle:lifecycle-livedata-core:2.10.0] AndroidManifest.xml:17:1-22:12
MERGED from [androidx.lifecycle:lifecycle-runtime-ktx-android:2.10.0] AndroidManifest.xml:2:1-7:12
MERGED from [androidx.lifecycle:lifecycle-viewmodel-savedstate-android:2.10.0] AndroidManifest.xml:17:1-22:12
MERGED from [androidx.lifecycle:lifecycle-process:2.10.0] AndroidManifest.xml:17:1-35:12
MERGED from [androidx.lifecycle:lifecycle-viewmodel:2.10.0] AndroidManifest.xml:2:1-5:12
MERGED from [androidx.lifecycle:lifecycle-viewmodel-android:2.10.0] AndroidManifest.xml:17:1-22:12
MERGED from [androidx.lifecycle:lifecycle-runtime-android:2.10.0] AndroidManifest.xml:17:1-22:12
MERGED from [androidx.lifecycle:lifecycle-runtime-compose-android:2.10.0] AndroidManifest.xml:2:1-7:12
MERGED from [androidx.navigationevent:navigationevent-android:1.0.0] AndroidManifest.xml:2:1-7:12
MERGED from [androidx.navigationevent:navigationevent-compose-android:1.0.0] AndroidManifest.xml:2:1-7:12
MERGED from [androidx.compose.runtime:runtime-annotation-android:1.11.4] AndroidManifest.xml:2:1-7:12
MERGED from [androidx.compose.runtime:runtime-retain-android:1.11.4] AndroidManifest.xml:2:1-7:12
MERGED from [androidx.compose.runtime:runtime-android:1.11.4] AndroidManifest.xml:2:1-7:12
MERGED from [androidx.compose.runtime:runtime-saveable-android:1.11.4] AndroidManifest.xml:2:1-7:12
MERGED from [androidx.savedstate:savedstate-compose-android:1.4.0] AndroidManifest.xml:2:1-7:12
MERGED from [androidx.savedstate:savedstate-ktx:1.4.0] AndroidManifest.xml:2:1-7:12
MERGED from [androidx.savedstate:savedstate-android:1.4.0] AndroidManifest.xml:17:1-22:12
MERGED from [androidx.core:core-ktx:1.18.0] AndroidManifest.xml:2:1-7:12
MERGED from [androidx.autofill:autofill:1.0.0] AndroidManifest.xml:17:1-24:12
MERGED from [androidx.window:window-core-android:1.5.0] AndroidManifest.xml:2:1-7:12
MERGED from [androidx.window:window:1.5.0] AndroidManifest.xml:17:1-31:12
MERGED from [androidx.graphics:graphics-path:1.0.1] AndroidManifest.xml:2:1-7:12
MERGED from [androidx.core:core:1.18.0] AndroidManifest.xml:17:1-30:12
MERGED from [androidx.lifecycle:lifecycle-viewmodel-ktx:2.10.0] AndroidManifest.xml:2:1-7:12
MERGED from [androidx.lifecycle:lifecycle-viewmodel-compose-android:2.10.0] AndroidManifest.xml:2:1-7:12
MERGED from [androidx.compose.ui:ui-android:1.11.4] AndroidManifest.xml:2:1-7:12
MERGED from [androidx.activity:activity-ktx:1.13.0] AndroidManifest.xml:2:1-7:12
MERGED from [androidx.activity:activity:1.13.0] AndroidManifest.xml:17:1-22:12
MERGED from [androidx.activity:activity-compose:1.13.0] AndroidManifest.xml:2:1-7:12
MERGED from [androidx.annotation:annotation-experimental:1.4.1] AndroidManifest.xml:2:1-7:12
MERGED from [androidx.core:core-viewtree:1.0.0] AndroidManifest.xml:2:1-7:12
MERGED from [androidx.versionedparcelable:versionedparcelable:1.1.1] AndroidManifest.xml:17:1-27:12
MERGED from [androidx.profileinstaller:profileinstaller:1.4.0] AndroidManifest.xml:17:1-55:12
MERGED from [androidx.startup:startup-runtime:1.1.1] AndroidManifest.xml:17:1-33:12
MERGED from [androidx.tracing:tracing:1.2.0] AndroidManifest.xml:17:1-22:12
MERGED from [androidx.interpolator:interpolator:1.0.0] AndroidManifest.xml:17:1-22:12
MERGED from [androidx.arch.core:core-runtime:2.2.0] AndroidManifest.xml:17:1-22:12
MERGED from [androidx.documentfile:documentfile:1.0.0] AndroidManifest.xml:17:1-22:12
MERGED from [androidx.localbroadcastmanager:localbroadcastmanager:1.0.0] AndroidManifest.xml:17:1-22:12
MERGED from [androidx.print:print:1.0.0] AndroidManifest.xml:17:1-22:12
	package
		INJECTED from src/main/AndroidManifest.xml
	android:versionName
		INJECTED from src/main/AndroidManifest.xml
	android:versionCode
		INJECTED from src/main/AndroidManifest.xml
	xmlns:android
		ADDED from src/main/AndroidManifest.xml:1:11-69
application
ADDED from src/main/AndroidManifest.xml:2:5-6:19
INJECTED from src/main/AndroidManifest.xml:2:5-6:19
MERGED from [androidx.emoji2:emoji2:1.4.0] AndroidManifest.xml:23:5-33:19
MERGED from [androidx.emoji2:emoji2:1.4.0] AndroidManifest.xml:23:5-33:19
MERGED from [androidx.lifecycle:lifecycle-process:2.10.0] AndroidManifest.xml:23:5-33:19
MERGED from [androidx.lifecycle:lifecycle-process:2.10.0] AndroidManifest.xml:23:5-33:19
MERGED from [androidx.window:window:1.5.0] AndroidManifest.xml:22:5-29:19
MERGED from [androidx.window:window:1.5.0] AndroidManifest.xml:22:5-29:19
MERGED from [androidx.core:core:1.18.0] AndroidManifest.xml:28:5-89
MERGED from [androidx.core:core:1.18.0] AndroidManifest.xml:28:5-89
MERGED from [androidx.versionedparcelable:versionedparcelable:1.1.1] AndroidManifest.xml:24:5-25:19
MERGED from [androidx.versionedparcelable:versionedparcelable:1.1.1] AndroidManifest.xml:24:5-25:19
MERGED from [androidx.profileinstaller:profileinstaller:1.4.0] AndroidManifest.xml:23:5-53:19
MERGED from [androidx.profileinstaller:profileinstaller:1.4.0] AndroidManifest.xml:23:5-53:19
MERGED from [androidx.startup:startup-runtime:1.1.1] AndroidManifest.xml:25:5-31:19
MERGED from [androidx.startup:startup-runtime:1.1.1] AndroidManifest.xml:25:5-31:19
	android:extractNativeLibs
		INJECTED from src/main/AndroidManifest.xml
	android:appComponentFactory
		ADDED from [androidx.core:core:1.18.0] AndroidManifest.xml:28:18-86
	android:supportsRtl
		ADDED from src/main/AndroidManifest.xml:2:202-228
	android:label
		ADDED from src/main/AndroidManifest.xml:2:18-50
	android:fullBackupContent
		ADDED from src/main/AndroidManifest.xml:2:79-112
	android:icon
		ADDED from src/main/AndroidManifest.xml:2:170-201
	android:allowBackup
		ADDED from src/main/AndroidManifest.xml:2:51-78
	android:dataExtractionRules
		ADDED from src/main/AndroidManifest.xml:2:113-169
	android:usesCleartextTraffic
		ADDED from src/main/AndroidManifest.xml:2:229-265
activity#org.kidea.lab.MainActivity
ADDED from src/main/AndroidManifest.xml:3:9-5:20
	android:exported
		ADDED from src/main/AndroidManifest.xml:3:48-71
	android:name
		ADDED from src/main/AndroidManifest.xml:3:19-47
intent-filter#action:name:android.intent.action.MAIN+category:name:android.intent.category.LAUNCHER
ADDED from src/main/AndroidManifest.xml:4:13-154
action#android.intent.action.MAIN
ADDED from src/main/AndroidManifest.xml:4:28-79
	android:name
		ADDED from src/main/AndroidManifest.xml:4:36-77
category#android.intent.category.LAUNCHER
ADDED from src/main/AndroidManifest.xml:4:79-138
	android:name
		ADDED from src/main/AndroidManifest.xml:4:89-136
uses-sdk
INJECTED from src/main/AndroidManifest.xml reason: use-sdk injection requested
INJECTED from src/main/AndroidManifest.xml
INJECTED from src/main/AndroidManifest.xml
MERGED from [androidx.compose.animation:animation-core-android:1.11.4] AndroidManifest.xml:5:5-44
MERGED from [androidx.compose.animation:animation-core-android:1.11.4] AndroidManifest.xml:5:5-44
MERGED from [androidx.compose.animation:animation-android:1.11.4] AndroidManifest.xml:5:5-44
MERGED from [androidx.compose.animation:animation-android:1.11.4] AndroidManifest.xml:5:5-44
MERGED from [androidx.compose.foundation:foundation-layout-android:1.11.4] AndroidManifest.xml:5:5-44
MERGED from [androidx.compose.foundation:foundation-layout-android:1.11.4] AndroidManifest.xml:5:5-44
MERGED from [androidx.compose.foundation:foundation-android:1.11.4] AndroidManifest.xml:5:5-44
MERGED from [androidx.compose.foundation:foundation-android:1.11.4] AndroidManifest.xml:5:5-44
MERGED from [androidx.customview:customview-poolingcontainer:1.0.0] AndroidManifest.xml:20:5-21:38
MERGED from [androidx.customview:customview-poolingcontainer:1.0.0] AndroidManifest.xml:20:5-21:38
MERGED from [androidx.compose.ui:ui-util-android:1.11.4] AndroidManifest.xml:5:5-44
MERGED from [androidx.compose.ui:ui-util-android:1.11.4] AndroidManifest.xml:5:5-44
MERGED from [androidx.compose.ui:ui-unit-android:1.11.4] AndroidManifest.xml:5:5-44
MERGED from [androidx.compose.ui:ui-unit-android:1.11.4] AndroidManifest.xml:5:5-44
MERGED from [androidx.compose.ui:ui-graphics-android:1.11.4] AndroidManifest.xml:5:5-44
MERGED from [androidx.compose.ui:ui-graphics-android:1.11.4] AndroidManifest.xml:5:5-44
MERGED from [androidx.compose.ui:ui-geometry-android:1.11.4] AndroidManifest.xml:5:5-44
MERGED from [androidx.compose.ui:ui-geometry-android:1.11.4] AndroidManifest.xml:5:5-44
MERGED from [androidx.compose.ui:ui-text-android:1.11.4] AndroidManifest.xml:5:5-44
MERGED from [androidx.compose.ui:ui-text-android:1.11.4] AndroidManifest.xml:5:5-44
MERGED from [androidx.emoji2:emoji2:1.4.0] AndroidManifest.xml:21:5-44
MERGED from [androidx.emoji2:emoji2:1.4.0] AndroidManifest.xml:21:5-44
MERGED from [androidx.transition:transition:1.6.0] AndroidManifest.xml:5:5-44
MERGED from [androidx.transition:transition:1.6.0] AndroidManifest.xml:5:5-44
MERGED from [androidx.dynamicanimation:dynamicanimation:1.0.0] AndroidManifest.xml:20:5-44
MERGED from [androidx.dynamicanimation:dynamicanimation:1.0.0] AndroidManifest.xml:20:5-44
MERGED from [androidx.legacy:legacy-support-core-utils:1.0.0] AndroidManifest.xml:20:5-44
MERGED from [androidx.legacy:legacy-support-core-utils:1.0.0] AndroidManifest.xml:20:5-44
MERGED from [androidx.loader:loader:1.0.0] AndroidManifest.xml:20:5-44
MERGED from [androidx.loader:loader:1.0.0] AndroidManifest.xml:20:5-44
MERGED from [androidx.lifecycle:lifecycle-livedata-core-ktx:2.10.0] AndroidManifest.xml:5:5-44
MERGED from [androidx.lifecycle:lifecycle-livedata-core-ktx:2.10.0] AndroidManifest.xml:5:5-44
MERGED from [androidx.lifecycle:lifecycle-livedata:2.10.0] AndroidManifest.xml:20:5-44
MERGED from [androidx.lifecycle:lifecycle-livedata:2.10.0] AndroidManifest.xml:20:5-44
MERGED from [androidx.lifecycle:lifecycle-livedata-core:2.10.0] AndroidManifest.xml:20:5-44
MERGED from [androidx.lifecycle:lifecycle-livedata-core:2.10.0] AndroidManifest.xml:20:5-44
MERGED from [androidx.lifecycle:lifecycle-runtime-ktx-android:2.10.0] AndroidManifest.xml:5:5-44
MERGED from [androidx.lifecycle:lifecycle-runtime-ktx-android:2.10.0] AndroidManifest.xml:5:5-44
MERGED from [androidx.lifecycle:lifecycle-viewmodel-savedstate-android:2.10.0] AndroidManifest.xml:20:5-44
MERGED from [androidx.lifecycle:lifecycle-viewmodel-savedstate-android:2.10.0] AndroidManifest.xml:20:5-44
MERGED from [androidx.lifecycle:lifecycle-process:2.10.0] AndroidManifest.xml:21:5-44
MERGED from [androidx.lifecycle:lifecycle-process:2.10.0] AndroidManifest.xml:21:5-44
MERGED from [androidx.lifecycle:lifecycle-viewmodel:2.10.0] AndroidManifest.xml:4:5-43
MERGED from [androidx.lifecycle:lifecycle-viewmodel:2.10.0] AndroidManifest.xml:4:5-43
MERGED from [androidx.lifecycle:lifecycle-viewmodel-android:2.10.0] AndroidManifest.xml:20:5-44
MERGED from [androidx.lifecycle:lifecycle-viewmodel-android:2.10.0] AndroidManifest.xml:20:5-44
MERGED from [androidx.lifecycle:lifecycle-runtime-android:2.10.0] AndroidManifest.xml:20:5-44
MERGED from [androidx.lifecycle:lifecycle-runtime-android:2.10.0] AndroidManifest.xml:20:5-44
MERGED from [androidx.lifecycle:lifecycle-runtime-compose-android:2.10.0] AndroidManifest.xml:5:5-44
MERGED from [androidx.lifecycle:lifecycle-runtime-compose-android:2.10.0] AndroidManifest.xml:5:5-44
MERGED from [androidx.navigationevent:navigationevent-android:1.0.0] AndroidManifest.xml:5:5-44
MERGED from [androidx.navigationevent:navigationevent-android:1.0.0] AndroidManifest.xml:5:5-44
MERGED from [androidx.navigationevent:navigationevent-compose-android:1.0.0] AndroidManifest.xml:5:5-44
MERGED from [androidx.navigationevent:navigationevent-compose-android:1.0.0] AndroidManifest.xml:5:5-44
MERGED from [androidx.compose.runtime:runtime-annotation-android:1.11.4] AndroidManifest.xml:5:5-44
MERGED from [androidx.compose.runtime:runtime-annotation-android:1.11.4] AndroidManifest.xml:5:5-44
MERGED from [androidx.compose.runtime:runtime-retain-android:1.11.4] AndroidManifest.xml:5:5-44
MERGED from [androidx.compose.runtime:runtime-retain-android:1.11.4] AndroidManifest.xml:5:5-44
MERGED from [androidx.compose.runtime:runtime-android:1.11.4] AndroidManifest.xml:5:5-44
MERGED from [androidx.compose.runtime:runtime-android:1.11.4] AndroidManifest.xml:5:5-44
MERGED from [androidx.compose.runtime:runtime-saveable-android:1.11.4] AndroidManifest.xml:5:5-44
MERGED from [androidx.compose.runtime:runtime-saveable-android:1.11.4] AndroidManifest.xml:5:5-44
MERGED from [androidx.savedstate:savedstate-compose-android:1.4.0] AndroidManifest.xml:5:5-44
MERGED from [androidx.savedstate:savedstate-compose-android:1.4.0] AndroidManifest.xml:5:5-44
MERGED from [androidx.savedstate:savedstate-ktx:1.4.0] AndroidManifest.xml:5:5-44
MERGED from [androidx.savedstate:savedstate-ktx:1.4.0] AndroidManifest.xml:5:5-44
MERGED from [androidx.savedstate:savedstate-android:1.4.0] AndroidManifest.xml:20:5-44
MERGED from [androidx.savedstate:savedstate-android:1.4.0] AndroidManifest.xml:20:5-44
MERGED from [androidx.core:core-ktx:1.18.0] AndroidManifest.xml:5:5-44
MERGED from [androidx.core:core-ktx:1.18.0] AndroidManifest.xml:5:5-44
MERGED from [androidx.autofill:autofill:1.0.0] AndroidManifest.xml:20:5-22:41
MERGED from [androidx.autofill:autofill:1.0.0] AndroidManifest.xml:20:5-22:41
MERGED from [androidx.window:window-core-android:1.5.0] AndroidManifest.xml:5:5-44
MERGED from [androidx.window:window-core-android:1.5.0] AndroidManifest.xml:5:5-44
MERGED from [androidx.window:window:1.5.0] AndroidManifest.xml:20:5-44
MERGED from [androidx.window:window:1.5.0] AndroidManifest.xml:20:5-44
MERGED from [androidx.graphics:graphics-path:1.0.1] AndroidManifest.xml:5:5-44
MERGED from [androidx.graphics:graphics-path:1.0.1] AndroidManifest.xml:5:5-44
MERGED from [androidx.core:core:1.18.0] AndroidManifest.xml:20:5-44
MERGED from [androidx.core:core:1.18.0] AndroidManifest.xml:20:5-44
MERGED from [androidx.lifecycle:lifecycle-viewmodel-ktx:2.10.0] AndroidManifest.xml:5:5-44
MERGED from [androidx.lifecycle:lifecycle-viewmodel-ktx:2.10.0] AndroidManifest.xml:5:5-44
MERGED from [androidx.lifecycle:lifecycle-viewmodel-compose-android:2.10.0] AndroidManifest.xml:5:5-44
MERGED from [androidx.lifecycle:lifecycle-viewmodel-compose-android:2.10.0] AndroidManifest.xml:5:5-44
MERGED from [androidx.compose.ui:ui-android:1.11.4] AndroidManifest.xml:5:5-44
MERGED from [androidx.compose.ui:ui-android:1.11.4] AndroidManifest.xml:5:5-44
MERGED from [androidx.activity:activity-ktx:1.13.0] AndroidManifest.xml:5:5-44
MERGED from [androidx.activity:activity-ktx:1.13.0] AndroidManifest.xml:5:5-44
MERGED from [androidx.activity:activity:1.13.0] AndroidManifest.xml:20:5-44
MERGED from [androidx.activity:activity:1.13.0] AndroidManifest.xml:20:5-44
MERGED from [androidx.activity:activity-compose:1.13.0] AndroidManifest.xml:5:5-44
MERGED from [androidx.activity:activity-compose:1.13.0] AndroidManifest.xml:5:5-44
MERGED from [androidx.annotation:annotation-experimental:1.4.1] AndroidManifest.xml:5:5-44
MERGED from [androidx.annotation:annotation-experimental:1.4.1] AndroidManifest.xml:5:5-44
MERGED from [androidx.core:core-viewtree:1.0.0] AndroidManifest.xml:5:5-44
MERGED from [androidx.core:core-viewtree:1.0.0] AndroidManifest.xml:5:5-44
MERGED from [androidx.versionedparcelable:versionedparcelable:1.1.1] AndroidManifest.xml:20:5-22:41
MERGED from [androidx.versionedparcelable:versionedparcelable:1.1.1] AndroidManifest.xml:20:5-22:41
MERGED from [androidx.profileinstaller:profileinstaller:1.4.0] AndroidManifest.xml:21:5-44
MERGED from [androidx.profileinstaller:profileinstaller:1.4.0] AndroidManifest.xml:21:5-44
MERGED from [androidx.startup:startup-runtime:1.1.1] AndroidManifest.xml:21:5-23:41
MERGED from [androidx.startup:startup-runtime:1.1.1] AndroidManifest.xml:21:5-23:41
MERGED from [androidx.tracing:tracing:1.2.0] AndroidManifest.xml:20:5-44
MERGED from [androidx.tracing:tracing:1.2.0] AndroidManifest.xml:20:5-44
MERGED from [androidx.interpolator:interpolator:1.0.0] AndroidManifest.xml:20:5-44
MERGED from [androidx.interpolator:interpolator:1.0.0] AndroidManifest.xml:20:5-44
MERGED from [androidx.arch.core:core-runtime:2.2.0] AndroidManifest.xml:20:5-44
MERGED from [androidx.arch.core:core-runtime:2.2.0] AndroidManifest.xml:20:5-44
MERGED from [androidx.documentfile:documentfile:1.0.0] AndroidManifest.xml:20:5-44
MERGED from [androidx.documentfile:documentfile:1.0.0] AndroidManifest.xml:20:5-44
MERGED from [androidx.localbroadcastmanager:localbroadcastmanager:1.0.0] AndroidManifest.xml:20:5-44
MERGED from [androidx.localbroadcastmanager:localbroadcastmanager:1.0.0] AndroidManifest.xml:20:5-44
MERGED from [androidx.print:print:1.0.0] AndroidManifest.xml:20:5-44
MERGED from [androidx.print:print:1.0.0] AndroidManifest.xml:20:5-44
	android:targetSdkVersion
		INJECTED from src/main/AndroidManifest.xml
	android:minSdkVersion
		INJECTED from src/main/AndroidManifest.xml
provider#androidx.startup.InitializationProvider
ADDED from [androidx.emoji2:emoji2:1.4.0] AndroidManifest.xml:24:9-32:20
MERGED from [androidx.lifecycle:lifecycle-process:2.10.0] AndroidManifest.xml:24:9-32:20
MERGED from [androidx.lifecycle:lifecycle-process:2.10.0] AndroidManifest.xml:24:9-32:20
MERGED from [androidx.profileinstaller:profileinstaller:1.4.0] AndroidManifest.xml:24:9-32:20
MERGED from [androidx.profileinstaller:profileinstaller:1.4.0] AndroidManifest.xml:24:9-32:20
MERGED from [androidx.startup:startup-runtime:1.1.1] AndroidManifest.xml:26:9-30:34
MERGED from [androidx.startup:startup-runtime:1.1.1] AndroidManifest.xml:26:9-30:34
	tools:node
		ADDED from [androidx.emoji2:emoji2:1.4.0] AndroidManifest.xml:28:13-31
	android:authorities
		ADDED from [androidx.emoji2:emoji2:1.4.0] AndroidManifest.xml:26:13-68
	android:exported
		ADDED from [androidx.emoji2:emoji2:1.4.0] AndroidManifest.xml:27:13-37
	android:name
		ADDED from [androidx.emoji2:emoji2:1.4.0] AndroidManifest.xml:25:13-67
meta-data#androidx.emoji2.text.EmojiCompatInitializer
ADDED from [androidx.emoji2:emoji2:1.4.0] AndroidManifest.xml:29:13-31:52
	android:value
		ADDED from [androidx.emoji2:emoji2:1.4.0] AndroidManifest.xml:31:17-49
	android:name
		ADDED from [androidx.emoji2:emoji2:1.4.0] AndroidManifest.xml:30:17-75
meta-data#androidx.lifecycle.ProcessLifecycleInitializer
ADDED from [androidx.lifecycle:lifecycle-process:2.10.0] AndroidManifest.xml:29:13-31:52
	android:value
		ADDED from [androidx.lifecycle:lifecycle-process:2.10.0] AndroidManifest.xml:31:17-49
	android:name
		ADDED from [androidx.lifecycle:lifecycle-process:2.10.0] AndroidManifest.xml:30:17-78
uses-library#androidx.window.extensions
ADDED from [androidx.window:window:1.5.0] AndroidManifest.xml:23:9-25:40
	android:required
		ADDED from [androidx.window:window:1.5.0] AndroidManifest.xml:25:13-37
	android:name
		ADDED from [androidx.window:window:1.5.0] AndroidManifest.xml:24:13-54
uses-library#androidx.window.sidecar
ADDED from [androidx.window:window:1.5.0] AndroidManifest.xml:26:9-28:40
	android:required
		ADDED from [androidx.window:window:1.5.0] AndroidManifest.xml:28:13-37
	android:name
		ADDED from [androidx.window:window:1.5.0] AndroidManifest.xml:27:13-51
permission#${applicationId}.DYNAMIC_RECEIVER_NOT_EXPORTED_PERMISSION
ADDED from [androidx.core:core:1.18.0] AndroidManifest.xml:22:5-24:47
	android:protectionLevel
		ADDED from [androidx.core:core:1.18.0] AndroidManifest.xml:24:9-44
	android:name
		ADDED from [androidx.core:core:1.18.0] AndroidManifest.xml:23:9-81
permission#org.kidea.lab.DYNAMIC_RECEIVER_NOT_EXPORTED_PERMISSION
ADDED from [androidx.core:core:1.18.0] AndroidManifest.xml:22:5-24:47
	android:protectionLevel
		ADDED from [androidx.core:core:1.18.0] AndroidManifest.xml:24:9-44
	android:name
		ADDED from [androidx.core:core:1.18.0] AndroidManifest.xml:23:9-81
uses-permission#${applicationId}.DYNAMIC_RECEIVER_NOT_EXPORTED_PERMISSION
ADDED from [androidx.core:core:1.18.0] AndroidManifest.xml:26:5-97
	android:name
		ADDED from [androidx.core:core:1.18.0] AndroidManifest.xml:26:22-94
uses-permission#org.kidea.lab.DYNAMIC_RECEIVER_NOT_EXPORTED_PERMISSION
ADDED from [androidx.core:core:1.18.0] AndroidManifest.xml:26:5-97
	android:name
		ADDED from [androidx.core:core:1.18.0] AndroidManifest.xml:26:22-94
meta-data#androidx.profileinstaller.ProfileInstallerInitializer
ADDED from [androidx.profileinstaller:profileinstaller:1.4.0] AndroidManifest.xml:29:13-31:52
	android:value
		ADDED from [androidx.profileinstaller:profileinstaller:1.4.0] AndroidManifest.xml:31:17-49
	android:name
		ADDED from [androidx.profileinstaller:profileinstaller:1.4.0] AndroidManifest.xml:30:17-85
receiver#androidx.profileinstaller.ProfileInstallReceiver
ADDED from [androidx.profileinstaller:profileinstaller:1.4.0] AndroidManifest.xml:34:9-52:20
	android:enabled
		ADDED from [androidx.profileinstaller:profileinstaller:1.4.0] AndroidManifest.xml:37:13-35
	android:exported
		ADDED from [androidx.profileinstaller:profileinstaller:1.4.0] AndroidManifest.xml:38:13-36
	android:permission
		ADDED from [androidx.profileinstaller:profileinstaller:1.4.0] AndroidManifest.xml:39:13-57
	android:directBootAware
		ADDED from [androidx.profileinstaller:profileinstaller:1.4.0] AndroidManifest.xml:36:13-44
	android:name
		ADDED from [androidx.profileinstaller:profileinstaller:1.4.0] AndroidManifest.xml:35:13-76
intent-filter#action:name:androidx.profileinstaller.action.INSTALL_PROFILE
ADDED from [androidx.profileinstaller:profileinstaller:1.4.0] AndroidManifest.xml:40:13-42:29
action#androidx.profileinstaller.action.INSTALL_PROFILE
ADDED from [androidx.profileinstaller:profileinstaller:1.4.0] AndroidManifest.xml:41:17-91
	android:name
		ADDED from [androidx.profileinstaller:profileinstaller:1.4.0] AndroidManifest.xml:41:25-88
intent-filter#action:name:androidx.profileinstaller.action.SKIP_FILE
ADDED from [androidx.profileinstaller:profileinstaller:1.4.0] AndroidManifest.xml:43:13-45:29
action#androidx.profileinstaller.action.SKIP_FILE
ADDED from [androidx.profileinstaller:profileinstaller:1.4.0] AndroidManifest.xml:44:17-85
	android:name
		ADDED from [androidx.profileinstaller:profileinstaller:1.4.0] AndroidManifest.xml:44:25-82
intent-filter#action:name:androidx.profileinstaller.action.SAVE_PROFILE
ADDED from [androidx.profileinstaller:profileinstaller:1.4.0] AndroidManifest.xml:46:13-48:29
action#androidx.profileinstaller.action.SAVE_PROFILE
ADDED from [androidx.profileinstaller:profileinstaller:1.4.0] AndroidManifest.xml:47:17-88
	android:name
		ADDED from [androidx.profileinstaller:profileinstaller:1.4.0] AndroidManifest.xml:47:25-85
intent-filter#action:name:androidx.profileinstaller.action.BENCHMARK_OPERATION
ADDED from [androidx.profileinstaller:profileinstaller:1.4.0] AndroidManifest.xml:49:13-51:29
action#androidx.profileinstaller.action.BENCHMARK_OPERATION
ADDED from [androidx.profileinstaller:profileinstaller:1.4.0] AndroidManifest.xml:50:17-95
	android:name
		ADDED from [androidx.profileinstaller:profileinstaller:1.4.0] AndroidManifest.xml:50:25-92